c:\users\16475\source\repos\finalchancedll\finalchancedll\debug\vc142.pdb
c:\users\16475\source\repos\finalchancedll\finalchancedll\debug\simpleanomalydetector.obj
c:\users\16475\source\repos\finalchancedll\finalchancedll\debug\mincircle.obj
c:\users\16475\source\repos\finalchancedll\finalchancedll\debug\maintrain.obj
c:\users\16475\source\repos\finalchancedll\finalchancedll\debug\hybridanomalydetector.obj
c:\users\16475\source\repos\finalchancedll\finalchancedll\debug\anomaly_detection_util.obj
c:\users\16475\source\repos\finalchancedll\finalchancedll\debug\finalchancedll.pch
c:\users\16475\source\repos\finalchancedll\finalchancedll\debug\pch.obj
c:\users\16475\source\repos\finalchancedll\finalchancedll\debug\timeseries.obj
c:\users\16475\source\repos\finalchancedll\finalchancedll\debug\dllmain.obj
c:\users\16475\source\repos\finalchancedll\finalchancedll\debug\.netframework,version=v4.0.assemblyattributes.obj
c:\users\16475\source\repos\finalchancedll\debug\finalchancedll.lib
c:\users\16475\source\repos\finalchancedll\debug\finalchancedll.exp
c:\users\16475\source\repos\finalchancedll\debug\finalchancedll.dll
c:\users\16475\source\repos\finalchancedll\debug\finalchancedll.pdb
c:\users\16475\source\repos\finalchancedll\finalchancedll\debug\vc142.idb
c:\users\16475\source\repos\finalchancedll\finalchancedll\debug\finalchancedll.tlog\cl.command.1.tlog
c:\users\16475\source\repos\finalchancedll\finalchancedll\debug\finalchancedll.tlog\cl.read.1.tlog
c:\users\16475\source\repos\finalchancedll\finalchancedll\debug\finalchancedll.tlog\cl.write.1.tlog
c:\users\16475\source\repos\finalchancedll\finalchancedll\debug\finalchancedll.tlog\finalchancedll.write.1u.tlog
c:\users\16475\source\repos\finalchancedll\finalchancedll\debug\finalchancedll.tlog\link.21024.17180.delete.1.tlog
c:\users\16475\source\repos\finalchancedll\finalchancedll\debug\finalchancedll.tlog\link.command.1.tlog
c:\users\16475\source\repos\finalchancedll\finalchancedll\debug\finalchancedll.tlog\link.read.1.tlog
c:\users\16475\source\repos\finalchancedll\finalchancedll\debug\finalchancedll.tlog\link.write.1.tlog
c:\users\16475\source\repos\finalchancedll\finalchancedll\debug\finalchancedll.tlog\metagen.read.1.tlog
c:\users\16475\source\repos\finalchancedll\finalchancedll\debug\finalchancedll.tlog\metagen.write.1.tlog
